{"/Users/gabrielyanezvallverdu/Desktop/Prueba-Gabriel/src/components/Actions/Actions.jsx": {"path":"/Users/gabrielyanezvallverdu/Desktop/Prueba-Gabriel/src/components/Actions/Actions.jsx","statementMap":{"0":{"start":{"line":4,"column":16},"end":{"line":53,"column":null}},"1":{"start":{"line":6,"column":44},"end":{"line":6,"column":null}},"2":{"start":{"line":7,"column":40},"end":{"line":7,"column":null}},"3":{"start":{"line":9,"column":23},"end":{"line":12,"column":null}},"4":{"start":{"line":10,"column":4},"end":{"line":10,"column":null}},"5":{"start":{"line":11,"column":4},"end":{"line":11,"column":null}},"6":{"start":{"line":14,"column":2},"end":{"line":51,"column":null}},"7":{"start":{"line":23,"column":29},"end":{"line":23,"column":null}},"8":{"start":{"line":26,"column":39},"end":{"line":26,"column":92}},"9":{"start":{"line":35,"column":29},"end":{"line":35,"column":null}},"10":{"start":{"line":38,"column":37},"end":{"line":38,"column":90}},"11":{"start":{"line":55,"column":0},"end":{"line":59,"column":null}}},"fnMap":{"0":{"name":"(anonymous_0)","decl":{"start":{"line":4,"column":16},"end":{"line":4,"column":17}},"loc":{"start":{"line":4,"column":56},"end":{"line":53,"column":null}},"line":4},"1":{"name":"(anonymous_1)","decl":{"start":{"line":9,"column":23},"end":{"line":9,"column":24}},"loc":{"start":{"line":9,"column":30},"end":{"line":12,"column":null}},"line":9},"2":{"name":"(anonymous_2)","decl":{"start":{"line":23,"column":22},"end":{"line":23,"column":23}},"loc":{"start":{"line":23,"column":29},"end":{"line":23,"column":null}},"line":23},"3":{"name":"(anonymous_3)","decl":{"start":{"line":26,"column":34},"end":{"line":26,"column":39}},"loc":{"start":{"line":26,"column":39},"end":{"line":26,"column":92}},"line":26},"4":{"name":"(anonymous_4)","decl":{"start":{"line":35,"column":22},"end":{"line":35,"column":23}},"loc":{"start":{"line":35,"column":29},"end":{"line":35,"column":null}},"line":35},"5":{"name":"(anonymous_5)","decl":{"start":{"line":38,"column":32},"end":{"line":38,"column":37}},"loc":{"start":{"line":38,"column":37},"end":{"line":38,"column":90}},"line":38}},"branchMap":{"0":{"loc":{"start":{"line":46,"column":86},"end":{"line":46,"column":null}},"type":"cond-expr","locations":[{"start":{"line":46,"column":97},"end":{"line":46,"column":132}},{"start":{"line":46,"column":132},"end":{"line":46,"column":null}}],"line":46},"1":{"loc":{"start":{"line":49,"column":9},"end":{"line":49,"column":null}},"type":"cond-expr","locations":[{"start":{"line":49,"column":20},"end":{"line":49,"column":42}},{"start":{"line":49,"column":42},"end":{"line":49,"column":null}}],"line":49}},"s":{"0":1,"1":1,"2":1,"3":1,"4":1,"5":1,"6":1,"7":0,"8":1,"9":0,"10":1,"11":1},"f":{"0":1,"1":1,"2":0,"3":1,"4":0,"5":1},"b":{"0":[0,1],"1":[0,1]},"meta":{"lastBranch":2,"lastFunction":6,"lastStatement":12,"seen":{"s:4:16:53:Infinity":0,"f:4:16:4:17":0,"s:6:44:6:Infinity":1,"s:7:40:7:Infinity":2,"s:9:23:12:Infinity":3,"f:9:23:9:24":1,"s:10:4:10:Infinity":4,"s:11:4:11:Infinity":5,"s:14:2:51:Infinity":6,"f:23:22:23:23":2,"s:23:29:23:Infinity":7,"f:26:34:26:39":3,"s:26:39:26:92":8,"f:35:22:35:23":4,"s:35:29:35:Infinity":9,"f:38:32:38:37":5,"s:38:37:38:90":10,"b:46:97:46:132:46:132:46:Infinity":0,"b:49:20:49:42:49:42:49:Infinity":1,"s:55:0:59:Infinity":11}}}
,"/Users/gabrielyanezvallverdu/Desktop/Prueba-Gabriel/src/components/Description/Description.jsx": {"path":"/Users/gabrielyanezvallverdu/Desktop/Prueba-Gabriel/src/components/Description/Description.jsx","statementMap":{"0":{"start":{"line":3,"column":20},"end":{"line":39,"column":null}},"1":{"start":{"line":5,"column":22},"end":{"line":17,"column":null}},"2":{"start":{"line":19,"column":2},"end":{"line":37,"column":null}},"3":{"start":{"line":24,"column":22},"end":{"line":24,"column":null}},"4":{"start":{"line":26,"column":10},"end":{"line":26,"column":null}},"5":{"start":{"line":26,"column":40},"end":{"line":26,"column":null}},"6":{"start":{"line":27,"column":10},"end":{"line":27,"column":null}},"7":{"start":{"line":27,"column":41},"end":{"line":27,"column":null}},"8":{"start":{"line":29,"column":10},"end":{"line":33,"column":null}},"9":{"start":{"line":41,"column":0},"end":{"line":55,"column":null}}},"fnMap":{"0":{"name":"(anonymous_0)","decl":{"start":{"line":3,"column":20},"end":{"line":3,"column":21}},"loc":{"start":{"line":3,"column":37},"end":{"line":39,"column":null}},"line":3},"1":{"name":"(anonymous_1)","decl":{"start":{"line":23,"column":41},"end":{"line":23,"column":42}},"loc":{"start":{"line":23,"column":59},"end":{"line":35,"column":9}},"line":23}},"branchMap":{"0":{"loc":{"start":{"line":26,"column":10},"end":{"line":26,"column":null}},"type":"if","locations":[{"start":{"line":26,"column":10},"end":{"line":26,"column":null}},{"start":{},"end":{}}],"line":26},"1":{"loc":{"start":{"line":26,"column":14},"end":{"line":26,"column":40}},"type":"binary-expr","locations":[{"start":{"line":26,"column":14},"end":{"line":26,"column":33}},{"start":{"line":26,"column":33},"end":{"line":26,"column":40}}],"line":26},"2":{"loc":{"start":{"line":27,"column":10},"end":{"line":27,"column":null}},"type":"if","locations":[{"start":{"line":27,"column":10},"end":{"line":27,"column":null}},{"start":{},"end":{}}],"line":27},"3":{"loc":{"start":{"line":27,"column":14},"end":{"line":27,"column":41}},"type":"binary-expr","locations":[{"start":{"line":27,"column":14},"end":{"line":27,"column":34}},{"start":{"line":27,"column":34},"end":{"line":27,"column":41}}],"line":27},"4":{"loc":{"start":{"line":32,"column":64},"end":{"line":32,"column":79}},"type":"binary-expr","locations":[{"start":{"line":32,"column":64},"end":{"line":32,"column":73}},{"start":{"line":32,"column":73},"end":{"line":32,"column":79}}],"line":32}},"s":{"0":1,"1":1,"2":1,"3":11,"4":11,"5":1,"6":11,"7":0,"8":11,"9":1},"f":{"0":1,"1":11},"b":{"0":[1,10],"1":[11,1],"2":[0,11],"3":[11,1],"4":[11,8]},"meta":{"lastBranch":5,"lastFunction":2,"lastStatement":10,"seen":{"s:3:20:39:Infinity":0,"f:3:20:3:21":0,"s:5:22:17:Infinity":1,"s:19:2:37:Infinity":2,"f:23:41:23:42":1,"s:24:22:24:Infinity":3,"b:26:10:26:Infinity:undefined:undefined:undefined:undefined":0,"s:26:10:26:Infinity":4,"b:26:14:26:33:26:33:26:40":1,"s:26:40:26:Infinity":5,"b:27:10:27:Infinity:undefined:undefined:undefined:undefined":2,"s:27:10:27:Infinity":6,"b:27:14:27:34:27:34:27:41":3,"s:27:41:27:Infinity":7,"s:29:10:33:Infinity":8,"b:32:64:32:73:32:73:32:79":4,"s:41:0:55:Infinity":9}}}
,"/Users/gabrielyanezvallverdu/Desktop/Prueba-Gabriel/src/components/Header/Header.jsx": {"path":"/Users/gabrielyanezvallverdu/Desktop/Prueba-Gabriel/src/components/Header/Header.jsx","statementMap":{"0":{"start":{"line":5,"column":15},"end":{"line":49,"column":null}},"1":{"start":{"line":6,"column":8},"end":{"line":6,"column":null}},"2":{"start":{"line":7,"column":8},"end":{"line":7,"column":null}},"3":{"start":{"line":9,"column":20},"end":{"line":9,"column":null}},"4":{"start":{"line":9,"column":63},"end":{"line":9,"column":64}},"5":{"start":{"line":11,"column":2},"end":{"line":47,"column":null}},"6":{"start":{"line":22,"column":28},"end":{"line":22,"column":null}},"7":{"start":{"line":23,"column":27},"end":{"line":23,"column":null}},"8":{"start":{"line":25,"column":32},"end":{"line":25,"column":null}},"9":{"start":{"line":27,"column":12},"end":{"line":37,"column":null}}},"fnMap":{"0":{"name":"(anonymous_0)","decl":{"start":{"line":5,"column":15},"end":{"line":5,"column":21}},"loc":{"start":{"line":5,"column":21},"end":{"line":49,"column":null}},"line":5},"1":{"name":"(anonymous_1)","decl":{"start":{"line":9,"column":56},"end":{"line":9,"column":57}},"loc":{"start":{"line":9,"column":63},"end":{"line":9,"column":64}},"line":9},"2":{"name":"(anonymous_2)","decl":{"start":{"line":21,"column":25},"end":{"line":21,"column":26}},"loc":{"start":{"line":21,"column":42},"end":{"line":39,"column":11}},"line":21}},"branchMap":{"0":{"loc":{"start":{"line":25,"column":32},"end":{"line":25,"column":null}},"type":"cond-expr","locations":[{"start":{"line":25,"column":53},"end":{"line":25,"column":65}},{"start":{"line":25,"column":65},"end":{"line":25,"column":null}}],"line":25},"1":{"loc":{"start":{"line":30,"column":17},"end":{"line":35,"column":null}},"type":"cond-expr","locations":[{"start":{"line":31,"column":18},"end":{"line":31,"column":null}},{"start":{"line":33,"column":18},"end":{"line":35,"column":null}}],"line":30}},"s":{"0":1,"1":4,"2":4,"3":4,"4":10,"5":4,"6":4,"7":4,"8":4,"9":4},"f":{"0":4,"1":10,"2":4},"b":{"0":[2,2],"1":[2,2]},"meta":{"lastBranch":2,"lastFunction":3,"lastStatement":10,"seen":{"s:5:15:49:Infinity":0,"f:5:15:5:21":0,"s:6:8:6:Infinity":1,"s:7:8:7:Infinity":2,"s:9:20:9:Infinity":3,"f:9:56:9:57":1,"s:9:63:9:64":4,"s:11:2:47:Infinity":5,"f:21:25:21:26":2,"s:22:28:22:Infinity":6,"s:23:27:23:Infinity":7,"s:25:32:25:Infinity":8,"b:25:53:25:65:25:65:25:Infinity":0,"s:27:12:37:Infinity":9,"b:31:18:31:Infinity:33:18:35:Infinity":1}}}
,"/Users/gabrielyanezvallverdu/Desktop/Prueba-Gabriel/src/components/Image/Image.jsx": {"path":"/Users/gabrielyanezvallverdu/Desktop/Prueba-Gabriel/src/components/Image/Image.jsx","statementMap":{"0":{"start":{"line":3,"column":14},"end":{"line":14,"column":null}},"1":{"start":{"line":4,"column":2},"end":{"line":12,"column":null}},"2":{"start":{"line":16,"column":0},"end":{"line":19,"column":null}}},"fnMap":{"0":{"name":"(anonymous_0)","decl":{"start":{"line":3,"column":14},"end":{"line":3,"column":15}},"loc":{"start":{"line":3,"column":32},"end":{"line":14,"column":null}},"line":3}},"branchMap":{},"s":{"0":1,"1":1,"2":1},"f":{"0":1},"b":{},"meta":{"lastBranch":0,"lastFunction":1,"lastStatement":3,"seen":{"s:3:14:14:Infinity":0,"f:3:14:3:15":0,"s:4:2:12:Infinity":1,"s:16:0:19:Infinity":2}}}
,"/Users/gabrielyanezvallverdu/Desktop/Prueba-Gabriel/src/features/cart/cartSlice.js": {"path":"/Users/gabrielyanezvallverdu/Desktop/Prueba-Gabriel/src/features/cart/cartSlice.js","statementMap":{"0":{"start":{"line":3,"column":28},"end":{"line":6,"column":1}},"1":{"start":{"line":4,"column":23},"end":{"line":4,"column":61}},"2":{"start":{"line":5,"column":4},"end":{"line":5,"column":null}},"3":{"start":{"line":8,"column":21},"end":{"line":10,"column":1}},"4":{"start":{"line":12,"column":17},"end":{"line":25,"column":2}},"5":{"start":{"line":17,"column":6},"end":{"line":17,"column":null}},"6":{"start":{"line":18,"column":6},"end":{"line":18,"column":null}},"7":{"start":{"line":21,"column":6},"end":{"line":21,"column":null}},"8":{"start":{"line":22,"column":6},"end":{"line":22,"column":null}},"9":{"start":{"line":27,"column":49},"end":{"line":27,"column":66}},"10":{"start":{"line":29,"column":31},"end":{"line":29,"column":58}},"11":{"start":{"line":29,"column":42},"end":{"line":29,"column":58}}},"fnMap":{"0":{"name":"(anonymous_0)","decl":{"start":{"line":3,"column":28},"end":{"line":3,"column":29}},"loc":{"start":{"line":3,"column":34},"end":{"line":6,"column":1}},"line":3},"1":{"name":"(anonymous_1)","decl":{"start":{"line":16,"column":21},"end":{"line":16,"column":22}},"loc":{"start":{"line":16,"column":40},"end":{"line":19,"column":5}},"line":16},"2":{"name":"(anonymous_2)","decl":{"start":{"line":20,"column":18},"end":{"line":20,"column":19}},"loc":{"start":{"line":20,"column":37},"end":{"line":23,"column":null}},"line":20},"3":{"name":"(anonymous_3)","decl":{"start":{"line":29,"column":31},"end":{"line":29,"column":32}},"loc":{"start":{"line":29,"column":42},"end":{"line":29,"column":58}},"line":29}},"branchMap":{"0":{"loc":{"start":{"line":5,"column":11},"end":{"line":5,"column":52}},"type":"cond-expr","locations":[{"start":{"line":5,"column":24},"end":{"line":5,"column":48}},{"start":{"line":5,"column":51},"end":{"line":5,"column":52}}],"line":5}},"s":{"0":1,"1":1,"2":1,"3":1,"4":1,"5":0,"6":0,"7":0,"8":0,"9":1,"10":1,"11":0},"f":{"0":1,"1":0,"2":0,"3":0},"b":{"0":[0,1]},"meta":{"lastBranch":1,"lastFunction":4,"lastStatement":12,"seen":{"s:3:28:6:1":0,"f:3:28:3:29":0,"s:4:23:4:61":1,"s:5:4:5:Infinity":2,"b:5:24:5:48:5:51:5:52":0,"s:8:21:10:1":3,"s:12:17:25:2":4,"f:16:21:16:22":1,"s:17:6:17:Infinity":5,"s:18:6:18:Infinity":6,"f:20:18:20:19":2,"s:21:6:21:Infinity":7,"s:22:6:22:Infinity":8,"s:27:49:27:66":9,"s:29:31:29:58":10,"f:29:31:29:32":3,"s:29:42:29:58":11}}}
,"/Users/gabrielyanezvallverdu/Desktop/Prueba-Gabriel/src/pages/ProductDetail/ProductDetail.jsx": {"path":"/Users/gabrielyanezvallverdu/Desktop/Prueba-Gabriel/src/pages/ProductDetail/ProductDetail.jsx","statementMap":{"0":{"start":{"line":10,"column":26},"end":{"line":58,"column":null}},"1":{"start":{"line":11,"column":15},"end":{"line":11,"column":null}},"2":{"start":{"line":12,"column":10},"end":{"line":12,"column":null}},"3":{"start":{"line":13,"column":53},"end":{"line":13,"column":null}},"4":{"start":{"line":14,"column":45},"end":{"line":14,"column":null}},"5":{"start":{"line":16,"column":28},"end":{"line":31,"column":null}},"6":{"start":{"line":17,"column":8},"end":{"line":30,"column":null}},"7":{"start":{"line":18,"column":28},"end":{"line":22,"column":null}},"8":{"start":{"line":23,"column":29},"end":{"line":23,"column":null}},"9":{"start":{"line":25,"column":12},"end":{"line":27,"column":null}},"10":{"start":{"line":26,"column":16},"end":{"line":26,"column":null}},"11":{"start":{"line":29,"column":12},"end":{"line":29,"column":null}},"12":{"start":{"line":33,"column":4},"end":{"line":33,"column":null}},"13":{"start":{"line":33,"column":17},"end":{"line":33,"column":null}},"14":{"start":{"line":34,"column":4},"end":{"line":34,"column":null}},"15":{"start":{"line":34,"column":15},"end":{"line":34,"column":null}},"16":{"start":{"line":36,"column":4},"end":{"line":56,"column":null}}},"fnMap":{"0":{"name":"(anonymous_0)","decl":{"start":{"line":10,"column":26},"end":{"line":10,"column":32}},"loc":{"start":{"line":10,"column":32},"end":{"line":58,"column":null}},"line":10},"1":{"name":"(anonymous_1)","decl":{"start":{"line":16,"column":28},"end":{"line":16,"column":35}},"loc":{"start":{"line":16,"column":62},"end":{"line":31,"column":null}},"line":16}},"branchMap":{"0":{"loc":{"start":{"line":25,"column":12},"end":{"line":27,"column":null}},"type":"if","locations":[{"start":{"line":25,"column":12},"end":{"line":27,"column":null}},{"start":{},"end":{}}],"line":25},"1":{"loc":{"start":{"line":33,"column":4},"end":{"line":33,"column":null}},"type":"if","locations":[{"start":{"line":33,"column":4},"end":{"line":33,"column":null}},{"start":{},"end":{}}],"line":33},"2":{"loc":{"start":{"line":34,"column":4},"end":{"line":34,"column":null}},"type":"if","locations":[{"start":{"line":34,"column":4},"end":{"line":34,"column":null}},{"start":{},"end":{}}],"line":34}},"s":{"0":1,"1":3,"2":3,"3":3,"4":3,"5":3,"6":1,"7":1,"8":1,"9":1,"10":1,"11":0,"12":3,"13":1,"14":2,"15":2,"16":1},"f":{"0":3,"1":1},"b":{"0":[1,0],"1":[1,2],"2":[1,1]},"meta":{"lastBranch":3,"lastFunction":2,"lastStatement":17,"seen":{"s:10:26:58:Infinity":0,"f:10:26:10:32":0,"s:11:15:11:Infinity":1,"s:12:10:12:Infinity":2,"s:13:53:13:Infinity":3,"s:14:45:14:Infinity":4,"s:16:28:31:Infinity":5,"f:16:28:16:35":1,"s:17:8:30:Infinity":6,"s:18:28:22:Infinity":7,"s:23:29:23:Infinity":8,"b:25:12:27:Infinity:undefined:undefined:undefined:undefined":0,"s:25:12:27:Infinity":9,"s:26:16:26:Infinity":10,"s:29:12:29:Infinity":11,"b:33:4:33:Infinity:undefined:undefined:undefined:undefined":1,"s:33:4:33:Infinity":12,"s:33:17:33:Infinity":13,"b:34:4:34:Infinity:undefined:undefined:undefined:undefined":2,"s:34:4:34:Infinity":14,"s:34:15:34:Infinity":15,"s:36:4:56:Infinity":16}}}
}
