{"/Users/gabrielyanezvallverdu/Desktop/Prueba-Gabriel/src/components/Image/Image.jsx": {"path":"/Users/gabrielyanezvallverdu/Desktop/Prueba-Gabriel/src/components/Image/Image.jsx","statementMap":{"0":{"start":{"line":3,"column":14},"end":{"line":14,"column":null}},"1":{"start":{"line":4,"column":2},"end":{"line":12,"column":null}},"2":{"start":{"line":16,"column":0},"end":{"line":19,"column":null}}},"fnMap":{"0":{"name":"(anonymous_0)","decl":{"start":{"line":3,"column":14},"end":{"line":3,"column":15}},"loc":{"start":{"line":3,"column":32},"end":{"line":14,"column":null}},"line":3}},"branchMap":{},"s":{"0":1,"1":2,"2":1},"f":{"0":2},"b":{},"meta":{"lastBranch":0,"lastFunction":1,"lastStatement":3,"seen":{"s:3:14:14:Infinity":0,"f:3:14:3:15":0,"s:4:2:12:Infinity":1,"s:16:0:19:Infinity":2}}}
,"/Users/gabrielyanezvallverdu/Desktop/Prueba-Gabriel/src/components/Item/Item.jsx": {"path":"/Users/gabrielyanezvallverdu/Desktop/Prueba-Gabriel/src/components/Item/Item.jsx","statementMap":{"0":{"start":{"line":5,"column":13},"end":{"line":21,"column":null}},"1":{"start":{"line":6,"column":2},"end":{"line":19,"column":null}},"2":{"start":{"line":23,"column":0},"end":{"line":29,"column":null}}},"fnMap":{"0":{"name":"(anonymous_0)","decl":{"start":{"line":5,"column":13},"end":{"line":5,"column":14}},"loc":{"start":{"line":5,"column":54},"end":{"line":21,"column":null}},"line":5}},"branchMap":{"0":{"loc":{"start":{"line":16,"column":11},"end":{"line":16,"column":null}},"type":"cond-expr","locations":[{"start":{"line":16,"column":19},"end":{"line":16,"column":33}},{"start":{"line":16,"column":33},"end":{"line":16,"column":null}}],"line":16}},"s":{"0":1,"1":2,"2":1},"f":{"0":2},"b":{"0":[2,0]},"meta":{"lastBranch":1,"lastFunction":1,"lastStatement":3,"seen":{"s:5:13:21:Infinity":0,"f:5:13:5:14":0,"s:6:2:19:Infinity":1,"b:16:19:16:33:16:33:16:Infinity":0,"s:23:0:29:Infinity":2}}}
,"/Users/gabrielyanezvallverdu/Desktop/Prueba-Gabriel/src/components/Search/Search.jsx": {"path":"/Users/gabrielyanezvallverdu/Desktop/Prueba-Gabriel/src/components/Search/Search.jsx","statementMap":{"0":{"start":{"line":3,"column":15},"end":{"line":18,"column":null}},"1":{"start":{"line":4,"column":2},"end":{"line":16,"column":null}},"2":{"start":{"line":11,"column":27},"end":{"line":11,"column":null}},"3":{"start":{"line":20,"column":0},"end":{"line":23,"column":null}}},"fnMap":{"0":{"name":"(anonymous_0)","decl":{"start":{"line":3,"column":15},"end":{"line":3,"column":16}},"loc":{"start":{"line":3,"column":40},"end":{"line":18,"column":null}},"line":3},"1":{"name":"(anonymous_1)","decl":{"start":{"line":11,"column":20},"end":{"line":11,"column":21}},"loc":{"start":{"line":11,"column":27},"end":{"line":11,"column":null}},"line":11}},"branchMap":{},"s":{"0":1,"1":1,"2":0,"3":1},"f":{"0":1,"1":0},"b":{},"meta":{"lastBranch":0,"lastFunction":2,"lastStatement":4,"seen":{"s:3:15:18:Infinity":0,"f:3:15:3:16":0,"s:4:2:16:Infinity":1,"f:11:20:11:21":1,"s:11:27:11:Infinity":2,"s:20:0:23:Infinity":3}}}
,"/Users/gabrielyanezvallverdu/Desktop/Prueba-Gabriel/src/pages/ProductList/ProductList.jsx": {"path":"/Users/gabrielyanezvallverdu/Desktop/Prueba-Gabriel/src/pages/ProductList/ProductList.jsx","statementMap":{"0":{"start":{"line":6,"column":24},"end":{"line":60,"column":null}},"1":{"start":{"line":7,"column":35},"end":{"line":7,"column":null}},"2":{"start":{"line":8,"column":34},"end":{"line":8,"column":null}},"3":{"start":{"line":10,"column":8},"end":{"line":16,"column":null}},"4":{"start":{"line":11,"column":17},"end":{"line":11,"column":null}},"5":{"start":{"line":12,"column":4},"end":{"line":15,"column":null}},"6":{"start":{"line":13,"column":6},"end":{"line":14,"column":null}},"7":{"start":{"line":18,"column":2},"end":{"line":21,"column":null}},"8":{"start":{"line":18,"column":15},"end":{"line":21,"column":null}},"9":{"start":{"line":24,"column":2},"end":{"line":30,"column":null}},"10":{"start":{"line":24,"column":13},"end":{"line":30,"column":null}},"11":{"start":{"line":33,"column":2},"end":{"line":58,"column":null}},"12":{"start":{"line":40,"column":10},"end":{"line":47,"column":null}}},"fnMap":{"0":{"name":"(anonymous_0)","decl":{"start":{"line":6,"column":24},"end":{"line":6,"column":30}},"loc":{"start":{"line":6,"column":30},"end":{"line":60,"column":null}},"line":6},"1":{"name":"(anonymous_1)","decl":{"start":{"line":10,"column":35},"end":{"line":10,"column":41}},"loc":{"start":{"line":10,"column":41},"end":{"line":16,"column":5}},"line":10},"2":{"name":"(anonymous_2)","decl":{"start":{"line":12,"column":27},"end":{"line":12,"column":28}},"loc":{"start":{"line":13,"column":6},"end":{"line":14,"column":null}},"line":13},"3":{"name":"(anonymous_3)","decl":{"start":{"line":39,"column":30},"end":{"line":39,"column":31}},"loc":{"start":{"line":40,"column":10},"end":{"line":47,"column":null}},"line":40}},"branchMap":{"0":{"loc":{"start":{"line":13,"column":6},"end":{"line":14,"column":null}},"type":"binary-expr","locations":[{"start":{"line":13,"column":6},"end":{"line":13,"column":null}},{"start":{"line":14,"column":6},"end":{"line":14,"column":null}}],"line":13},"1":{"loc":{"start":{"line":18,"column":2},"end":{"line":21,"column":null}},"type":"if","locations":[{"start":{"line":18,"column":2},"end":{"line":21,"column":null}},{"start":{},"end":{}}],"line":18},"2":{"loc":{"start":{"line":24,"column":2},"end":{"line":30,"column":null}},"type":"if","locations":[{"start":{"line":24,"column":2},"end":{"line":30,"column":null}},{"start":{},"end":{}}],"line":24},"3":{"loc":{"start":{"line":51,"column":7},"end":{"line":56,"column":null}},"type":"binary-expr","locations":[{"start":{"line":51,"column":7},"end":{"line":51,"column":null}},{"start":{"line":52,"column":8},"end":{"line":56,"column":null}}],"line":51}},"s":{"0":1,"1":3,"2":3,"3":3,"4":3,"5":3,"6":2,"7":3,"8":1,"9":2,"10":2,"11":1,"12":2},"f":{"0":3,"1":3,"2":2,"3":2},"b":{"0":[2,0],"1":[1,2],"2":[1,1],"3":[1,0]},"meta":{"lastBranch":4,"lastFunction":4,"lastStatement":13,"seen":{"s:6:24:60:Infinity":0,"f:6:24:6:30":0,"s:7:35:7:Infinity":1,"s:8:34:8:Infinity":2,"s:10:8:16:Infinity":3,"f:10:35:10:41":1,"s:11:17:11:Infinity":4,"s:12:4:15:Infinity":5,"f:12:27:12:28":2,"s:13:6:14:Infinity":6,"b:13:6:13:Infinity:14:6:14:Infinity":0,"b:18:2:21:Infinity:undefined:undefined:undefined:undefined":1,"s:18:2:21:Infinity":7,"s:18:15:21:Infinity":8,"b:24:2:30:Infinity:undefined:undefined:undefined:undefined":2,"s:24:2:30:Infinity":9,"s:24:13:30:Infinity":10,"s:33:2:58:Infinity":11,"f:39:30:39:31":3,"s:40:10:47:Infinity":12,"b:51:7:51:Infinity:52:8:56:Infinity":3}}}
,"/Users/gabrielyanezvallverdu/Desktop/Prueba-Gabriel/src/services/api.js": {"path":"/Users/gabrielyanezvallverdu/Desktop/Prueba-Gabriel/src/services/api.js","statementMap":{"0":{"start":{"line":3,"column":30},"end":{"line":3,"column":44}},"1":{"start":{"line":5,"column":18},"end":{"line":8,"column":2}},"2":{"start":{"line":10,"column":17},"end":{"line":20,"column":1}},"3":{"start":{"line":11,"column":17},"end":{"line":11,"column":42}},"4":{"start":{"line":12,"column":2},"end":{"line":12,"column":null}},"5":{"start":{"line":12,"column":15},"end":{"line":12,"column":null}},"6":{"start":{"line":14,"column":30},"end":{"line":14,"column":48}},"7":{"start":{"line":15,"column":2},"end":{"line":18,"column":null}},"8":{"start":{"line":16,"column":4},"end":{"line":16,"column":null}},"9":{"start":{"line":17,"column":4},"end":{"line":17,"column":null}},"10":{"start":{"line":19,"column":2},"end":{"line":19,"column":null}},"11":{"start":{"line":22,"column":17},"end":{"line":27,"column":1}},"12":{"start":{"line":23,"column":2},"end":{"line":26,"column":null}},"13":{"start":{"line":29,"column":23},"end":{"line":40,"column":1}},"14":{"start":{"line":30,"column":21},"end":{"line":30,"column":39}},"15":{"start":{"line":31,"column":2},"end":{"line":31,"column":null}},"16":{"start":{"line":31,"column":18},"end":{"line":31,"column":null}},"17":{"start":{"line":33,"column":2},"end":{"line":39,"column":null}},"18":{"start":{"line":34,"column":21},"end":{"line":34,"column":45}},"19":{"start":{"line":35,"column":4},"end":{"line":35,"column":null}},"20":{"start":{"line":36,"column":4},"end":{"line":36,"column":null}},"21":{"start":{"line":38,"column":4},"end":{"line":38,"column":null}},"22":{"start":{"line":42,"column":19},"end":{"line":57,"column":1}},"23":{"start":{"line":44,"column":21},"end":{"line":44,"column":68}},"24":{"start":{"line":46,"column":28},"end":{"line":46,"column":88}},"25":{"start":{"line":49,"column":4},"end":{"line":55,"column":null}},"26":{"start":{"line":50,"column":23},"end":{"line":50,"column":65}},"27":{"start":{"line":51,"column":6},"end":{"line":51,"column":null}},"28":{"start":{"line":53,"column":6},"end":{"line":53,"column":null}},"29":{"start":{"line":54,"column":6},"end":{"line":54,"column":null}}},"fnMap":{"0":{"name":"(anonymous_0)","decl":{"start":{"line":10,"column":17},"end":{"line":10,"column":18}},"loc":{"start":{"line":10,"column":26},"end":{"line":20,"column":1}},"line":10},"1":{"name":"(anonymous_1)","decl":{"start":{"line":22,"column":17},"end":{"line":22,"column":18}},"loc":{"start":{"line":22,"column":32},"end":{"line":27,"column":1}},"line":22},"2":{"name":"(anonymous_2)","decl":{"start":{"line":29,"column":23},"end":{"line":29,"column":28}},"loc":{"start":{"line":29,"column":48},"end":{"line":40,"column":1}},"line":29},"3":{"name":"(anonymous_3)","decl":{"start":{"line":44,"column":15},"end":{"line":44,"column":16}},"loc":{"start":{"line":44,"column":21},"end":{"line":44,"column":68}},"line":44},"4":{"name":"(anonymous_4)","decl":{"start":{"line":46,"column":20},"end":{"line":46,"column":21}},"loc":{"start":{"line":46,"column":28},"end":{"line":46,"column":88}},"line":46},"5":{"name":"(anonymous_5)","decl":{"start":{"line":48,"column":13},"end":{"line":48,"column":18}},"loc":{"start":{"line":48,"column":32},"end":{"line":56,"column":null}},"line":48}},"branchMap":{"0":{"loc":{"start":{"line":12,"column":2},"end":{"line":12,"column":null}},"type":"if","locations":[{"start":{"line":12,"column":2},"end":{"line":12,"column":null}},{"start":{},"end":{}}],"line":12},"1":{"loc":{"start":{"line":15,"column":2},"end":{"line":18,"column":null}},"type":"if","locations":[{"start":{"line":15,"column":2},"end":{"line":18,"column":null}},{"start":{},"end":{}}],"line":15},"2":{"loc":{"start":{"line":31,"column":2},"end":{"line":31,"column":null}},"type":"if","locations":[{"start":{"line":31,"column":2},"end":{"line":31,"column":null}},{"start":{},"end":{}}],"line":31}},"s":{"0":1,"1":1,"2":1,"3":0,"4":0,"5":0,"6":0,"7":0,"8":0,"9":0,"10":0,"11":1,"12":0,"13":1,"14":0,"15":0,"16":0,"17":0,"18":0,"19":0,"20":0,"21":0,"22":1,"23":0,"24":0,"25":0,"26":0,"27":0,"28":0,"29":0},"f":{"0":0,"1":0,"2":0,"3":0,"4":0,"5":0},"b":{"0":[0,0],"1":[0,0],"2":[0,0]},"meta":{"lastBranch":3,"lastFunction":6,"lastStatement":30,"seen":{"s:3:30:3:44":0,"s:5:18:8:2":1,"s:10:17:20:1":2,"f:10:17:10:18":0,"s:11:17:11:42":3,"b:12:2:12:Infinity:undefined:undefined:undefined:undefined":0,"s:12:2:12:Infinity":4,"s:12:15:12:Infinity":5,"s:14:30:14:48":6,"b:15:2:18:Infinity:undefined:undefined:undefined:undefined":1,"s:15:2:18:Infinity":7,"s:16:4:16:Infinity":8,"s:17:4:17:Infinity":9,"s:19:2:19:Infinity":10,"s:22:17:27:1":11,"f:22:17:22:18":1,"s:23:2:26:Infinity":12,"s:29:23:40:1":13,"f:29:23:29:28":2,"s:30:21:30:39":14,"b:31:2:31:Infinity:undefined:undefined:undefined:undefined":2,"s:31:2:31:Infinity":15,"s:31:18:31:Infinity":16,"s:33:2:39:Infinity":17,"s:34:21:34:45":18,"s:35:4:35:Infinity":19,"s:36:4:36:Infinity":20,"s:38:4:38:Infinity":21,"s:42:19:57:1":22,"f:44:15:44:16":3,"s:44:21:44:68":23,"f:46:20:46:21":4,"s:46:28:46:88":24,"f:48:13:48:18":5,"s:49:4:55:Infinity":25,"s:50:23:50:65":26,"s:51:6:51:Infinity":27,"s:53:6:53:Infinity":28,"s:54:6:54:Infinity":29}}}
}
